<?xml version="1.0" encoding="UTF-8"?>
<!-- Generated by org.testng.reporters.JUnitReportReporter -->
<testsuite skipped="0" hostname="LAPTOP-OJIPPDE6" name="com.virgingames.AppTest" tests="1" failures="0" timestamp="16 Jan 2022 07:45:16 GMT" time="0.015" errors="0">
  <testcase name="shouldAnswerWithTrue" time="0.015" classname="com.virgingames.AppTest"/>
</testsuite> <!-- com.virgingames.AppTest -->
